0 info it worked if it ends with ok
1 verbose cli [ '/usr/local/bin/node', '/usr/local/bin/npm', 'publish' ]
2 info using npm@2.15.5
3 info using node@v4.4.5
4 verbose publish [ '.' ]
5 silly cache add args [ '.', null ]
6 verbose cache add spec .
7 silly cache add parsed spec Result {
7 silly cache add   raw: '.',
7 silly cache add   scope: null,
7 silly cache add   name: null,
7 silly cache add   rawSpec: '.',
7 silly cache add   spec: '/Users/qingyuexi/git/koa-wx-printer',
7 silly cache add   type: 'directory' }
8 verbose addLocalDirectory /Users/qingyuexi/.npm/qingyuexi/1.0.0/package.tgz not in flight; packing
9 verbose correctMkdir /Users/qingyuexi/.npm correctMkdir not in flight; initializing
10 verbose tar pack [ '/Users/qingyuexi/.npm/qingyuexi/1.0.0/package.tgz',
10 verbose tar pack   '/Users/qingyuexi/git/koa-wx-printer' ]
11 verbose tarball /Users/qingyuexi/.npm/qingyuexi/1.0.0/package.tgz
12 verbose folder /Users/qingyuexi/git/koa-wx-printer
13 info prepublish qingyuexi@1.0.0
14 verbose addLocalTarball adding from inside cache /Users/qingyuexi/.npm/qingyuexi/1.0.0/package.tgz
15 verbose correctMkdir /Users/qingyuexi/.npm correctMkdir not in flight; initializing
16 silly cache afterAdd qingyuexi@1.0.0
17 verbose afterAdd /Users/qingyuexi/.npm/qingyuexi/1.0.0/package/package.json not in flight; writing
18 verbose correctMkdir /Users/qingyuexi/.npm correctMkdir not in flight; initializing
19 verbose afterAdd /Users/qingyuexi/.npm/qingyuexi/1.0.0/package/package.json written
20 silly publish { name: 'qingyuexi',
20 silly publish   version: '1.0.0',
20 silly publish   description: 'wx yilianyun printer',
20 silly publish   main: 'index.js',
20 silly publish   scripts: { test: 'echo "Error: no test specified" && exit 1' },
20 silly publish   repository:
20 silly publish    { type: 'git',
20 silly publish      url: 'git+https://github.com/qingyuexi/koa-wx-printer.git' },
20 silly publish   keywords: [ 'printer', 'koa', 'koa-wx', 'koa-wx-printer' ],
20 silly publish   author: { name: 'qingyuexi' },
20 silly publish   license: 'ISC',
20 silly publish   bugs: { url: 'https://github.com/qingyuexi/koa-wx-printer/issues' },
20 silly publish   homepage: 'https://github.com/qingyuexi/koa-wx-printer#readme',
20 silly publish   dependencies: { 'co-request': '^1.0.0' },
20 silly publish   readme: '\n\nkoa-wx-printer易联云打印机node接口\n\n## Installation\n\n```sh\n$ npm install koa-wx-printer\n```\n\n## Use with co-request\n\n```js\nvar printer = require(\'koa-wx-printer\');\nvar result = yield printer({\n    "partner": 914,//用户id（管理中心系统集成里获取）\n    "apikey": "3785b31b2c84f3c47e51a6c4481f8a5fc2eea72a",//apikey（管理中心系统集成里获取）\n    "machine_code": "3400453726",//打印机终端号\n    "msign": "gn5p5zk585b6",//打印机终端密钥\n    "time": parseInt(new Date().getTime() / 1000),//当前时间戳（服务器用于验证超时）\n    "content": \'2222\'//需要传输打印的内容数据\n});\n\n```\n作者官网:\nhttp://www.youtellme.cc',
20 silly publish   readmeFilename: 'README.md',
20 silly publish   gitHead: 'e5f0c2772c2ce8d9641d4bf1514d40fde92eaa24',
20 silly publish   _id: 'qingyuexi@1.0.0',
20 silly publish   _shasum: '12d4ba74682e490dcf5aeed738665acbaf79311b',
20 silly publish   _from: '.' }
21 verbose getPublishConfig undefined
22 silly mapToRegistry name qingyuexi
23 silly mapToRegistry using default registry
24 silly mapToRegistry registry https://registry.npmjs.org/
25 silly mapToRegistry data Result {
25 silly mapToRegistry   raw: 'qingyuexi',
25 silly mapToRegistry   scope: null,
25 silly mapToRegistry   name: 'qingyuexi',
25 silly mapToRegistry   rawSpec: '',
25 silly mapToRegistry   spec: 'latest',
25 silly mapToRegistry   type: 'tag' }
26 silly mapToRegistry uri https://registry.npmjs.org/qingyuexi
27 verbose publish registryBase https://registry.npmjs.org/
28 silly publish uploading /Users/qingyuexi/.npm/qingyuexi/1.0.0/package.tgz
29 verbose request uri https://registry.npmjs.org/qingyuexi
30 verbose request sending authorization for write operation
31 info attempt registry request try #1 at 18:15:43
32 verbose request using bearer token for auth
33 verbose request id b2c2f0376973d086
34 http request PUT https://registry.npmjs.org/qingyuexi
35 http 403 https://registry.npmjs.org/qingyuexi
36 verbose headers { 'content-type': 'application/json',
36 verbose headers   'cache-control': 'max-age=300',
36 verbose headers   'content-length': '95',
36 verbose headers   'accept-ranges': 'bytes',
36 verbose headers   date: 'Wed, 17 Aug 2016 10:15:44 GMT',
36 verbose headers   via: '1.1 varnish',
36 verbose headers   connection: 'keep-alive',
36 verbose headers   'x-served-by': 'cache-itm7425-ITM',
36 verbose headers   'x-cache': 'MISS',
36 verbose headers   'x-cache-hits': '0',
36 verbose headers   'x-timer': 'S1471428944.232807,VS0,VE503',
36 verbose headers   vary: 'Accept-Encoding' }
37 verbose request invalidating /Users/qingyuexi/.npm/registry.npmjs.org/qingyuexi on PUT
38 error publish Failed PUT 403
39 verbose stack Error: "You cannot publish over the previously published version 1.0.0." : qingyuexi
39 verbose stack     at makeError (/usr/local/lib/node_modules/npm/node_modules/npm-registry-client/lib/request.js:264:12)
39 verbose stack     at CachingRegistryClient.<anonymous> (/usr/local/lib/node_modules/npm/node_modules/npm-registry-client/lib/request.js:252:14)
39 verbose stack     at Request._callback (/usr/local/lib/node_modules/npm/node_modules/npm-registry-client/lib/request.js:172:14)
39 verbose stack     at Request.self.callback (/usr/local/lib/node_modules/npm/node_modules/request/request.js:200:22)
39 verbose stack     at emitTwo (events.js:87:13)
39 verbose stack     at Request.emit (events.js:172:7)
39 verbose stack     at Request.<anonymous> (/usr/local/lib/node_modules/npm/node_modules/request/request.js:1067:10)
39 verbose stack     at emitOne (events.js:82:20)
39 verbose stack     at Request.emit (events.js:169:7)
39 verbose stack     at IncomingMessage.<anonymous> (/usr/local/lib/node_modules/npm/node_modules/request/request.js:988:12)
40 verbose statusCode 403
41 verbose pkgid qingyuexi
42 verbose cwd /Users/qingyuexi/git/koa-wx-printer
43 error Darwin 15.5.0
44 error argv "/usr/local/bin/node" "/usr/local/bin/npm" "publish"
45 error node v4.4.5
46 error npm  v2.15.5
47 error code E403
48 error "You cannot publish over the previously published version 1.0.0." : qingyuexi
49 error If you need help, you may report this error at:
49 error     <https://github.com/npm/npm/issues>
50 verbose exit [ 1, true ]
